-------------------------------------------------------------------------------
Test set: DAOTests.ClienteDAOTest
-------------------------------------------------------------------------------
Tests run: 16, Failures: 1, Errors: 0, Skipped: 0, Time elapsed: 1.293 sec <<< FAILURE!
DAOTests.ClienteDAOTest.testLoginMock()  Time elapsed: 0.002 sec  <<< FAILURE!
java.lang.NullPointerException
	at model.ClienteDAO.login(ClienteDAO.java:48)
	at DAOTests.ClienteDAOTest.testLoginMock(ClienteDAOTest.java:209)

