<?xml version="1.0" encoding="UTF-8" ?>
<testsuite tests="7" failures="7" name="DAOTests.ConsultaDAOTest" time="28.414" errors="0" skipped="0">
  <properties>
[...]
</properties>
  <testcase classname="DAOTests.ConsultaDAOTest" name="DAOTests.ConsultaDAOTest.testCreateConsulta" time="4.038">
    <failure type="java.lang.NullPointerException">java.lang.NullPointerException
	at model.ConsultaDAO.getConsultas(ConsultaDAO.java:50)
	at DAOTests.ConsultaDAOTest.testCreateConsulta(ConsultaDAOTest.java:44)
</failure>
    <system-out>Nao foi possivel conectar
</system-out>
  </testcase>
  <testcase classname="DAOTests.ConsultaDAOTest" name="DAOTests.ConsultaDAOTest.testGet_consulta" time="4.058">
    <failure message="Não há objeto com a id no banco de dados" type="org.opentest4j.AssertionFailedError">org.opentest4j.AssertionFailedError: Não há objeto com a id no banco de dados
	at org.junit.jupiter.api.AssertionUtils.fail(AssertionUtils.java:39)
	at org.junit.jupiter.api.Assertions.fail(Assertions.java:117)
	at DAOTests.ConsultaDAOTest.testGet_consulta(ConsultaDAOTest.java:77)
</failure>
    <system-out>Nao foi possivel conectar
</system-out>
  </testcase>
  <testcase classname="DAOTests.ConsultaDAOTest" name="DAOTests.ConsultaDAOTest.testUpdateConsulta" time="4.074">
    <failure type="java.lang.NullPointerException">java.lang.NullPointerException
	at model.ConsultaDAO.updateConsulta(ConsultaDAO.java:135)
	at DAOTests.ConsultaDAOTest.testUpdateConsulta(ConsultaDAOTest.java:118)
</failure>
    <system-out>Nao foi possivel conectar
</system-out>
  </testcase>
  <testcase classname="DAOTests.ConsultaDAOTest" name="DAOTests.ConsultaDAOTest.testGet_consultas" time="4.055">
    <failure message="Não há objeto com a id no banco de dados" type="org.opentest4j.AssertionFailedError">org.opentest4j.AssertionFailedError: Não há objeto com a id no banco de dados
	at org.junit.jupiter.api.AssertionUtils.fail(AssertionUtils.java:39)
	at org.junit.jupiter.api.Assertions.fail(Assertions.java:117)
	at DAOTests.ConsultaDAOTest.testGet_consultas(ConsultaDAOTest.java:64)
</failure>
    <system-out>Nao foi possivel conectar
</system-out>
  </testcase>
  <testcase classname="DAOTests.ConsultaDAOTest" name="DAOTests.ConsultaDAOTest.testGet_procedimentosDisponiveis" time="4.061">
    <failure message="Não há objeto com a id no banco de dados" type="org.opentest4j.AssertionFailedError">org.opentest4j.AssertionFailedError: Não há objeto com a id no banco de dados
	at org.junit.jupiter.api.AssertionUtils.fail(AssertionUtils.java:39)
	at org.junit.jupiter.api.Assertions.fail(Assertions.java:117)
	at DAOTests.ConsultaDAOTest.testGet_procedimentosDisponiveis(ConsultaDAOTest.java:103)
</failure>
    <system-out>Nao foi possivel conectar
</system-out>
  </testcase>
  <testcase classname="DAOTests.ConsultaDAOTest" name="DAOTests.ConsultaDAOTest.testGet_medicoEspecialidade" time="4.066">
    <failure message="Não há objeto com a id no banco de dados" type="org.opentest4j.AssertionFailedError">org.opentest4j.AssertionFailedError: Não há objeto com a id no banco de dados
	at org.junit.jupiter.api.AssertionUtils.fail(AssertionUtils.java:39)
	at org.junit.jupiter.api.Assertions.fail(Assertions.java:117)
	at DAOTests.ConsultaDAOTest.testGet_medicoEspecialidade(ConsultaDAOTest.java:91)
</failure>
    <system-out>Nao foi possivel conectar
</system-out>
  </testcase>
  <testcase classname="DAOTests.ConsultaDAOTest" name="DAOTests.ConsultaDAOTest.testDeleteConsulta" time="4.062">
    <failure type="java.lang.NullPointerException">java.lang.NullPointerException
	at model.ConsultaDAO.createConsulta(ConsultaDAO.java:34)
	at DAOTests.ConsultaDAOTest.testDeleteConsulta(ConsultaDAOTest.java:140)
</failure>
    <system-out>Nao foi possivel conectar
</system-out>
  </testcase>
</testsuite>