<?xml version="1.0" encoding="UTF-8" ?>
<testsuite tests="5" failures="0" name="DAOTests.PlanoDAOTest" time="0.153" errors="0" skipped="0">
  <properties>
[...]
</properties>
  <testcase classname="DAOTests.PlanoDAOTest" name="DAOTests.PlanoDAOTest.testGetIdDeletePlano" time="0.029"/>
  <testcase classname="DAOTests.PlanoDAOTest" name="DAOTests.PlanoDAOTest.testCreatePlano" time="0.049"/>
  <testcase classname="DAOTests.PlanoDAOTest" name="DAOTests.PlanoDAOTest.testGetPlano" time="0"/>
  <testcase classname="DAOTests.PlanoDAOTest" name="DAOTests.PlanoDAOTest.testUpdatePlano" time="0.05"/>
  <testcase classname="DAOTests.PlanoDAOTest" name="DAOTests.PlanoDAOTest.testDeletePlano" time="0.025"/>
</testsuite>