<?xml version="1.0" encoding="UTF-8" ?>
<testsuite tests="16" failures="0" name="DAOTests.ClienteDAOTest" time="1.342" errors="0" skipped="0">
  <properties>
[...]
</properties>
  <testcase classname="DAOTests.ClienteDAOTest" name="DAOTests.ClienteDAOTest.testCreatePaciente" time="0.439"/>
  <testcase classname="DAOTests.ClienteDAOTest" name="DAOTests.ClienteDAOTest.testGetPaciente" time="0.002"/>
  <testcase classname="DAOTests.ClienteDAOTest" name="DAOTests.ClienteDAOTest.testUpdatePaciente" time="0.054"/>
  <testcase classname="DAOTests.ClienteDAOTest" name="DAOTests.ClienteDAOTest.testDeletePaciente" time="0.021"/>
  <testcase classname="DAOTests.ClienteDAOTest" name="DAOTests.ClienteDAOTest.testLogin" time="0"/>
  <testcase classname="DAOTests.ClienteDAOTest" name="DAOTests.ClienteDAOTest.testGetPacientes" time="0.002"/>
  <testcase classname="DAOTests.ClienteDAOTest" name="DAOTests.ClienteDAOTest.testLoginMock" time="0.811"/>
  <testcase classname="DAOTests.ClienteDAOTest" name="DAOTests.ClienteDAOTest.testGetNomePacienteMock" time="0.002"/>
  <testcase classname="DAOTests.ClienteDAOTest" name="DAOTests.ClienteDAOTest.testGetIdDeletePaciente" time="0.001"/>
  <testcase classname="DAOTests.ClienteDAOTest" name="DAOTests.ClienteDAOTest.testJaCadastradoMock" time="0.001"/>
  <testcase classname="DAOTests.ClienteDAOTest" name="DAOTests.ClienteDAOTest.testDeletePacienteMock" time="0.001"/>
  <testcase classname="DAOTests.ClienteDAOTest" name="DAOTests.ClienteDAOTest.testGetPacientesMock" time="0.002"/>
  <testcase classname="DAOTests.ClienteDAOTest" name="DAOTests.ClienteDAOTest.testUpdatePacienteMock" time="0"/>
  <testcase classname="DAOTests.ClienteDAOTest" name="DAOTests.ClienteDAOTest.testGetIdDeletePacienteMock" time="0.002"/>
  <testcase classname="DAOTests.ClienteDAOTest" name="DAOTests.ClienteDAOTest.testGetNomePaciente" time="0.001"/>
  <testcase classname="DAOTests.ClienteDAOTest" name="DAOTests.ClienteDAOTest.testGetPacienteMock" time="0.003"/>
</testsuite>