<?xml version="1.0" encoding="UTF-8" ?>
<testsuite tests="8" failures="8" name="DAOTests.ExameDAOTest" time="32.496" errors="0" skipped="0">
  <properties>
[...]
</properties>
  <testcase classname="DAOTests.ExameDAOTest" name="DAOTests.ExameDAOTest.testDelete_exame" time="4.045">
    <failure message="Não há objeto com a id no banco de dados" type="org.opentest4j.AssertionFailedError">org.opentest4j.AssertionFailedError: Não há objeto com a id no banco de dados
	at org.junit.jupiter.api.AssertionUtils.fail(AssertionUtils.java:39)
	at org.junit.jupiter.api.Assertions.fail(Assertions.java:117)
	at DAOTests.ExameDAOTest.testDelete_exame(ExameDAOTest.java:132)
</failure>
    <system-out>Nao foi possivel conectar
delete_exame
</system-out>
  </testcase>
  <testcase classname="DAOTests.ExameDAOTest" name="DAOTests.ExameDAOTest.testUpdate_exame" time="4.076">
    <failure message="Não há objeto com a id no banco de dados" type="org.opentest4j.AssertionFailedError">org.opentest4j.AssertionFailedError: Não há objeto com a id no banco de dados
	at org.junit.jupiter.api.AssertionUtils.fail(AssertionUtils.java:39)
	at org.junit.jupiter.api.Assertions.fail(Assertions.java:117)
	at DAOTests.ExameDAOTest.testUpdate_exame(ExameDAOTest.java:117)
</failure>
    <system-out>Nao foi possivel conectar
update_exame
</system-out>
  </testcase>
  <testcase classname="DAOTests.ExameDAOTest" name="DAOTests.ExameDAOTest.testGet_exames" time="4.075">
    <failure type="java.lang.NullPointerException">java.lang.NullPointerException
	at model.ExameDAO.getExames(ExameDAO.java:51)
	at DAOTests.ExameDAOTest.testGet_exames(ExameDAOTest.java:59)
</failure>
    <system-out>Nao foi possivel conectar
get_exames
</system-out>
  </testcase>
  <testcase classname="DAOTests.ExameDAOTest" name="DAOTests.ExameDAOTest.testGet_exame" time="4.064">
    <failure message="Não há objeto com a id no banco de dados" type="org.opentest4j.AssertionFailedError">org.opentest4j.AssertionFailedError: Não há objeto com a id no banco de dados
	at org.junit.jupiter.api.AssertionUtils.fail(AssertionUtils.java:39)
	at org.junit.jupiter.api.Assertions.fail(Assertions.java:117)
	at DAOTests.ExameDAOTest.testGet_exame(ExameDAOTest.java:76)
</failure>
    <system-out>Nao foi possivel conectar
get_exame
</system-out>
  </testcase>
  <testcase classname="DAOTests.ExameDAOTest" name="DAOTests.ExameDAOTest.testCreate_exame" time="4.076">
    <failure type="java.lang.NullPointerException">java.lang.NullPointerException
	at model.ExameDAO.getExames(ExameDAO.java:51)
	at DAOTests.ExameDAOTest.testCreate_exame(ExameDAOTest.java:42)
</failure>
    <system-out>Nao foi possivel conectar
create_exame
</system-out>
  </testcase>
  <testcase classname="DAOTests.ExameDAOTest" name="DAOTests.ExameDAOTest.testGet_examesDaConsulta" time="4.049">
    <failure message="Não há objeto com a id no banco de dados" type="org.opentest4j.AssertionFailedError">org.opentest4j.AssertionFailedError: Não há objeto com a id no banco de dados
	at org.junit.jupiter.api.AssertionUtils.fail(AssertionUtils.java:39)
	at org.junit.jupiter.api.Assertions.fail(Assertions.java:117)
	at DAOTests.ExameDAOTest.testGet_examesDaConsulta(ExameDAOTest.java:93)
</failure>
    <system-out>Nao foi possivel conectar
get_examesDaConsulta
</system-out>
  </testcase>
  <testcase classname="DAOTests.ExameDAOTest" name="DAOTests.ExameDAOTest.testGet_idDeleteExame" time="4.041">
    <failure message="Não há objeto com a id no banco de dados" type="org.opentest4j.AssertionFailedError">org.opentest4j.AssertionFailedError: Não há objeto com a id no banco de dados
	at org.junit.jupiter.api.AssertionUtils.fail(AssertionUtils.java:39)
	at org.junit.jupiter.api.Assertions.fail(Assertions.java:117)
	at DAOTests.ExameDAOTest.testGet_idDeleteExame(ExameDAOTest.java:163)
</failure>
    <system-out>Nao foi possivel conectar
get_idDeleteExame
</system-out>
  </testcase>
  <testcase classname="DAOTests.ExameDAOTest" name="DAOTests.ExameDAOTest.testDelete_tipoExame" time="4.07">
    <failure message="Não há objeto com a id no banco de dados" type="org.opentest4j.AssertionFailedError">org.opentest4j.AssertionFailedError: Não há objeto com a id no banco de dados
	at org.junit.jupiter.api.AssertionUtils.fail(AssertionUtils.java:39)
	at org.junit.jupiter.api.Assertions.fail(Assertions.java:117)
	at DAOTests.ExameDAOTest.testDelete_tipoExame(ExameDAOTest.java:147)
</failure>
    <system-out>Nao foi possivel conectar
delete_tipoExame
</system-out>
  </testcase>
</testsuite>